<?xml version="1.0" encoding="UTF-8"?>
<!-- Generated by org.testng.reporters.JUnitReportReporter -->
<testsuite hostname="Suriya" name="runner.TestRunner" tests="1" failures="0" timestamp="12 May 2020 04:45:29 GMT" time="100.621" errors="0">
  <testcase name="feature" time="100.621" classname="runner.TestRunner"/>
</testsuite> <!-- runner.TestRunner -->
