<?xml version="1.0" encoding="UTF-8"?>
<!-- Generated by org.testng.reporters.JUnitReportReporter -->
<testsuite skipped="0" hostname="Suriya" name="runner.TestRunner" tests="1" failures="0" timestamp="14 May 2020 03:34:07 GMT" time="543.925" errors="0">
  <testcase name="feature" time="543.925" classname="runner.TestRunner"/>
</testsuite> <!-- runner.TestRunner -->
